
**** Build of configuration CPU1_RAM for project aaaaaaa ****

"C:\\ti\\ccs900\\ccs\\utils\\bin\\gmake" -k all 
 
Building file: "C:/ti/c2000/C2000Ware_1_00_06_00/device_support/f2837xd/common/source/F2837xD_CodeStartBranch.asm"
Invoking: C2000 Compiler
"C:/ti/ccs900/ccs/tools/compiler/ti-cgt-c2000_18.12.2.LTS/bin/cl2000" -v28 -ml -mt --cla_support=cla1 --float_support=fpu32 --tmu_support=tmu0 --vcu_support=vcu2 --include_path="C:/ti/ccs900/ccs/tools/compiler/ti-cgt-c2000_18.12.2.LTS/include" --include_path="C:/ti/c2000/C2000Ware_1_00_06_00/device_support/f2837xd/headers/include" --include_path="C:/ti/c2000/C2000Ware_1_00_06_00/device_support/f2837xd/common/include" --define=CPU1 -g --diag_suppress=10063 --diag_warning=225 --display_error_number --abi=coffabi --preproc_with_compile --preproc_dependency="F2837xD_CodeStartBranch.d_raw"  "C:/ti/c2000/C2000Ware_1_00_06_00/device_support/f2837xd/common/source/F2837xD_CodeStartBranch.asm"
Finished building: "C:/ti/c2000/C2000Ware_1_00_06_00/device_support/f2837xd/common/source/F2837xD_CodeStartBranch.asm"
 
Building file: "C:/ti/c2000/C2000Ware_1_00_06_00/device_support/f2837xd/common/source/F2837xD_DefaultISR.c"
Invoking: C2000 Compiler
"C:/ti/ccs900/ccs/tools/compiler/ti-cgt-c2000_18.12.2.LTS/bin/cl2000" -v28 -ml -mt --cla_support=cla1 --float_support=fpu32 --tmu_support=tmu0 --vcu_support=vcu2 --include_path="C:/ti/ccs900/ccs/tools/compiler/ti-cgt-c2000_18.12.2.LTS/include" --include_path="C:/ti/c2000/C2000Ware_1_00_06_00/device_support/f2837xd/headers/include" --include_path="C:/ti/c2000/C2000Ware_1_00_06_00/device_support/f2837xd/common/include" --define=CPU1 -g --diag_suppress=10063 --diag_warning=225 --display_error_number --abi=coffabi --preproc_with_compile --preproc_dependency="F2837xD_DefaultISR.d_raw"  "C:/ti/c2000/C2000Ware_1_00_06_00/device_support/f2837xd/common/source/F2837xD_DefaultISR.c"
Finished building: "C:/ti/c2000/C2000Ware_1_00_06_00/device_support/f2837xd/common/source/F2837xD_DefaultISR.c"
 
Building file: "C:/ti/c2000/C2000Ware_1_00_06_00/device_support/f2837xd/headers/source/F2837xD_GlobalVariableDefs.c"
Invoking: C2000 Compiler
"C:/ti/ccs900/ccs/tools/compiler/ti-cgt-c2000_18.12.2.LTS/bin/cl2000" -v28 -ml -mt --cla_support=cla1 --float_support=fpu32 --tmu_support=tmu0 --vcu_support=vcu2 --include_path="C:/ti/ccs900/ccs/tools/compiler/ti-cgt-c2000_18.12.2.LTS/include" --include_path="C:/ti/c2000/C2000Ware_1_00_06_00/device_support/f2837xd/headers/include" --include_path="C:/ti/c2000/C2000Ware_1_00_06_00/device_support/f2837xd/common/include" --define=CPU1 -g --diag_suppress=10063 --diag_warning=225 --display_error_number --abi=coffabi --preproc_with_compile --preproc_dependency="F2837xD_GlobalVariableDefs.d_raw"  "C:/ti/c2000/C2000Ware_1_00_06_00/device_support/f2837xd/headers/source/F2837xD_GlobalVariableDefs.c"
Finished building: "C:/ti/c2000/C2000Ware_1_00_06_00/device_support/f2837xd/headers/source/F2837xD_GlobalVariableDefs.c"
 
Building file: "C:/ti/c2000/C2000Ware_1_00_06_00/device_support/f2837xd/common/source/F2837xD_Gpio.c"
Invoking: C2000 Compiler
"C:/ti/ccs900/ccs/tools/compiler/ti-cgt-c2000_18.12.2.LTS/bin/cl2000" -v28 -ml -mt --cla_support=cla1 --float_support=fpu32 --tmu_support=tmu0 --vcu_support=vcu2 --include_path="C:/ti/ccs900/ccs/tools/compiler/ti-cgt-c2000_18.12.2.LTS/include" --include_path="C:/ti/c2000/C2000Ware_1_00_06_00/device_support/f2837xd/headers/include" --include_path="C:/ti/c2000/C2000Ware_1_00_06_00/device_support/f2837xd/common/include" --define=CPU1 -g --diag_suppress=10063 --diag_warning=225 --display_error_number --abi=coffabi --preproc_with_compile --preproc_dependency="F2837xD_Gpio.d_raw"  "C:/ti/c2000/C2000Ware_1_00_06_00/device_support/f2837xd/common/source/F2837xD_Gpio.c"
Finished building: "C:/ti/c2000/C2000Ware_1_00_06_00/device_support/f2837xd/common/source/F2837xD_Gpio.c"
 
Building file: "C:/ti/c2000/C2000Ware_1_00_06_00/device_support/f2837xd/common/source/F2837xD_Ipc.c"
Invoking: C2000 Compiler
"C:/ti/ccs900/ccs/tools/compiler/ti-cgt-c2000_18.12.2.LTS/bin/cl2000" -v28 -ml -mt --cla_support=cla1 --float_support=fpu32 --tmu_support=tmu0 --vcu_support=vcu2 --include_path="C:/ti/ccs900/ccs/tools/compiler/ti-cgt-c2000_18.12.2.LTS/include" --include_path="C:/ti/c2000/C2000Ware_1_00_06_00/device_support/f2837xd/headers/include" --include_path="C:/ti/c2000/C2000Ware_1_00_06_00/device_support/f2837xd/common/include" --define=CPU1 -g --diag_suppress=10063 --diag_warning=225 --display_error_number --abi=coffabi --preproc_with_compile --preproc_dependency="F2837xD_Ipc.d_raw"  "C:/ti/c2000/C2000Ware_1_00_06_00/device_support/f2837xd/common/source/F2837xD_Ipc.c"
Finished building: "C:/ti/c2000/C2000Ware_1_00_06_00/device_support/f2837xd/common/source/F2837xD_Ipc.c"
 
Building file: "C:/ti/c2000/C2000Ware_1_00_06_00/device_support/f2837xd/common/source/F2837xD_PieCtrl.c"
Invoking: C2000 Compiler
"C:/ti/ccs900/ccs/tools/compiler/ti-cgt-c2000_18.12.2.LTS/bin/cl2000" -v28 -ml -mt --cla_support=cla1 --float_support=fpu32 --tmu_support=tmu0 --vcu_support=vcu2 --include_path="C:/ti/ccs900/ccs/tools/compiler/ti-cgt-c2000_18.12.2.LTS/include" --include_path="C:/ti/c2000/C2000Ware_1_00_06_00/device_support/f2837xd/headers/include" --include_path="C:/ti/c2000/C2000Ware_1_00_06_00/device_support/f2837xd/common/include" --define=CPU1 -g --diag_suppress=10063 --diag_warning=225 --display_error_number --abi=coffabi --preproc_with_compile --preproc_dependency="F2837xD_PieCtrl.d_raw"  "C:/ti/c2000/C2000Ware_1_00_06_00/device_support/f2837xd/common/source/F2837xD_PieCtrl.c"
Finished building: "C:/ti/c2000/C2000Ware_1_00_06_00/device_support/f2837xd/common/source/F2837xD_PieCtrl.c"
 
Building file: "C:/ti/c2000/C2000Ware_1_00_06_00/device_support/f2837xd/common/source/F2837xD_PieVect.c"
Invoking: C2000 Compiler
"C:/ti/ccs900/ccs/tools/compiler/ti-cgt-c2000_18.12.2.LTS/bin/cl2000" -v28 -ml -mt --cla_support=cla1 --float_support=fpu32 --tmu_support=tmu0 --vcu_support=vcu2 --include_path="C:/ti/ccs900/ccs/tools/compiler/ti-cgt-c2000_18.12.2.LTS/include" --include_path="C:/ti/c2000/C2000Ware_1_00_06_00/device_support/f2837xd/headers/include" --include_path="C:/ti/c2000/C2000Ware_1_00_06_00/device_support/f2837xd/common/include" --define=CPU1 -g --diag_suppress=10063 --diag_warning=225 --display_error_number --abi=coffabi --preproc_with_compile --preproc_dependency="F2837xD_PieVect.d_raw"  "C:/ti/c2000/C2000Ware_1_00_06_00/device_support/f2837xd/common/source/F2837xD_PieVect.c"
Finished building: "C:/ti/c2000/C2000Ware_1_00_06_00/device_support/f2837xd/common/source/F2837xD_PieVect.c"
 
Building file: "C:/ti/c2000/C2000Ware_1_00_06_00/device_support/f2837xd/common/source/F2837xD_SysCtrl.c"
Invoking: C2000 Compiler
"C:/ti/ccs900/ccs/tools/compiler/ti-cgt-c2000_18.12.2.LTS/bin/cl2000" -v28 -ml -mt --cla_support=cla1 --float_support=fpu32 --tmu_support=tmu0 --vcu_support=vcu2 --include_path="C:/ti/ccs900/ccs/tools/compiler/ti-cgt-c2000_18.12.2.LTS/include" --include_path="C:/ti/c2000/C2000Ware_1_00_06_00/device_support/f2837xd/headers/include" --include_path="C:/ti/c2000/C2000Ware_1_00_06_00/device_support/f2837xd/common/include" --define=CPU1 -g --diag_suppress=10063 --diag_warning=225 --display_error_number --abi=coffabi --preproc_with_compile --preproc_dependency="F2837xD_SysCtrl.d_raw"  "C:/ti/c2000/C2000Ware_1_00_06_00/device_support/f2837xd/common/source/F2837xD_SysCtrl.c"
"C:/ti/c2000/C2000Ware_1_00_06_00/device_support/f2837xd/common/source/F2837xD_SysCtrl.c", line 828 (col. 47): advice #2614-D: (Performance) Use --fp_mode=relaxed to enable TMU hardware support for FP division.
Finished building: "C:/ti/c2000/C2000Ware_1_00_06_00/device_support/f2837xd/common/source/F2837xD_SysCtrl.c"
 
Building file: "C:/ti/c2000/C2000Ware_1_00_06_00/device_support/f2837xd/common/source/F2837xD_usDelay.asm"
Invoking: C2000 Compiler
"C:/ti/ccs900/ccs/tools/compiler/ti-cgt-c2000_18.12.2.LTS/bin/cl2000" -v28 -ml -mt --cla_support=cla1 --float_support=fpu32 --tmu_support=tmu0 --vcu_support=vcu2 --include_path="C:/ti/ccs900/ccs/tools/compiler/ti-cgt-c2000_18.12.2.LTS/include" --include_path="C:/ti/c2000/C2000Ware_1_00_06_00/device_support/f2837xd/headers/include" --include_path="C:/ti/c2000/C2000Ware_1_00_06_00/device_support/f2837xd/common/include" --define=CPU1 -g --diag_suppress=10063 --diag_warning=225 --display_error_number --abi=coffabi --preproc_with_compile --preproc_dependency="F2837xD_usDelay.d_raw"  "C:/ti/c2000/C2000Ware_1_00_06_00/device_support/f2837xd/common/source/F2837xD_usDelay.asm"
Finished building: "C:/ti/c2000/C2000Ware_1_00_06_00/device_support/f2837xd/common/source/F2837xD_usDelay.asm"
 
Building file: "../user/Delay.c"
Invoking: C2000 Compiler
"C:/ti/ccs900/ccs/tools/compiler/ti-cgt-c2000_18.12.2.LTS/bin/cl2000" -v28 -ml -mt --cla_support=cla1 --float_support=fpu32 --tmu_support=tmu0 --vcu_support=vcu2 --include_path="C:/ti/ccs900/ccs/tools/compiler/ti-cgt-c2000_18.12.2.LTS/include" --include_path="C:/ti/c2000/C2000Ware_1_00_06_00/device_support/f2837xd/headers/include" --include_path="C:/ti/c2000/C2000Ware_1_00_06_00/device_support/f2837xd/common/include" --define=CPU1 -g --diag_suppress=10063 --diag_warning=225 --display_error_number --abi=coffabi --preproc_with_compile --preproc_dependency="user/Delay.d_raw" --obj_directory="user"  "../user/Delay.c"
"../user/Delay.c", line 23: warning #225-D: function "DSP28x_usDelay" declared implicitly
"../user/Delay.c", line 33: warning #225-D: function "DSP28x_usDelay" declared implicitly
Finished building: "../user/Delay.c"
 
Building file: "../user/KEY4x4.c"
Invoking: C2000 Compiler
"C:/ti/ccs900/ccs/tools/compiler/ti-cgt-c2000_18.12.2.LTS/bin/cl2000" -v28 -ml -mt --cla_support=cla1 --float_support=fpu32 --tmu_support=tmu0 --vcu_support=vcu2 --include_path="C:/ti/ccs900/ccs/tools/compiler/ti-cgt-c2000_18.12.2.LTS/include" --include_path="C:/ti/c2000/C2000Ware_1_00_06_00/device_support/f2837xd/headers/include" --include_path="C:/ti/c2000/C2000Ware_1_00_06_00/device_support/f2837xd/common/include" --define=CPU1 -g --diag_suppress=10063 --diag_warning=225 --display_error_number --abi=coffabi --preproc_with_compile --preproc_dependency="user/KEY4x4.d_raw" --obj_directory="user"  "../user/KEY4x4.c"
"../user/KEY4x4.c", line 296: warning #262-D: explicit type is missing ("int" assumed)
"../user/KEY4x4.c", line 296: warning #552-D: variable "a" was set but never used
Finished building: "../user/KEY4x4.c"
 
Building file: "../user/LCD12864.c"
Invoking: C2000 Compiler
"C:/ti/ccs900/ccs/tools/compiler/ti-cgt-c2000_18.12.2.LTS/bin/cl2000" -v28 -ml -mt --cla_support=cla1 --float_support=fpu32 --tmu_support=tmu0 --vcu_support=vcu2 --include_path="C:/ti/ccs900/ccs/tools/compiler/ti-cgt-c2000_18.12.2.LTS/include" --include_path="C:/ti/c2000/C2000Ware_1_00_06_00/device_support/f2837xd/headers/include" --include_path="C:/ti/c2000/C2000Ware_1_00_06_00/device_support/f2837xd/common/include" --define=CPU1 -g --diag_suppress=10063 --diag_warning=225 --display_error_number --abi=coffabi --preproc_with_compile --preproc_dependency="user/LCD12864.d_raw" --obj_directory="user"  "../user/LCD12864.c"
"../user/LCD12864.c", line 699: warning #9-D: nested comment is not allowed
Finished building: "../user/LCD12864.c"
 
Building file: "../user/main.c"
Invoking: C2000 Compiler
"C:/ti/ccs900/ccs/tools/compiler/ti-cgt-c2000_18.12.2.LTS/bin/cl2000" -v28 -ml -mt --cla_support=cla1 --float_support=fpu32 --tmu_support=tmu0 --vcu_support=vcu2 --include_path="C:/ti/ccs900/ccs/tools/compiler/ti-cgt-c2000_18.12.2.LTS/include" --include_path="C:/ti/c2000/C2000Ware_1_00_06_00/device_support/f2837xd/headers/include" --include_path="C:/ti/c2000/C2000Ware_1_00_06_00/device_support/f2837xd/common/include" --define=CPU1 -g --diag_suppress=10063 --diag_warning=225 --display_error_number --abi=coffabi --preproc_with_compile --preproc_dependency="user/main.d_raw" --obj_directory="user"  "../user/main.c"
Finished building: "../user/main.c"
 
Building target: "aaaaaaa.out"
Invoking: C2000 Linker
"C:/ti/ccs900/ccs/tools/compiler/ti-cgt-c2000_18.12.2.LTS/bin/cl2000" -v28 -ml -mt --cla_support=cla1 --float_support=fpu32 --tmu_support=tmu0 --vcu_support=vcu2 --define=CPU1 -g --diag_suppress=10063 --diag_warning=225 --display_error_number --abi=coffabi -z -m"aaaaaaa.map" --stack_size=0x100 --warn_sections -i"C:/ti/ccs900/ccs/tools/compiler/ti-cgt-c2000_18.12.2.LTS/lib" -i"C:/F28335/blinky_cpu01/user" -i"C:/ti/ccs900/ccs/tools/compiler/ti-cgt-c2000_18.12.2.LTS/include" -i"C:/ti/c2000/C2000Ware_1_00_06_00/device_support/f2837xd/common/cmd" -i"C:/ti/c2000/C2000Ware_1_00_06_00/device_support/f2837xd/headers/cmd" --reread_libs --display_error_number --xml_link_info="aaaaaaa_linkInfo.xml" --entry_point=code_start --rom_model -o "aaaaaaa.out" "./F2837xD_CodeStartBranch.obj" "./F2837xD_DefaultISR.obj" "./F2837xD_GlobalVariableDefs.obj" "./F2837xD_Gpio.obj" "./F2837xD_Ipc.obj" "./F2837xD_PieCtrl.obj" "./F2837xD_PieVect.obj" "./F2837xD_SysCtrl.obj" "./F2837xD_usDelay.obj" "./user/Delay.obj" "./user/KEY4x4.obj" "./user/LCD12864.obj" "./user/main.obj"  -lrts2800_fpu32.lib -l2837xD_RAM_lnk_cpu1.cmd -lF2837xD_Headers_nonBIOS_cpu1.cmd -llibc.a 
<Linking>
Finished building target: "aaaaaaa.out"
 

**** Build Finished ****
