
**** Build of configuration Debug for project SIN ****

"C:\\ti\\ccs900\\ccs\\utils\\bin\\gmake" -k all 
 
Building file: "../KEY.C"
Invoking: C2000 Compiler
"C:/ti/ccs900/ccs/tools/compiler/ti-cgt-c2000_18.12.2.LTS/bin/cl2000" -v28 -ml -mt --float_support=fpu32 --include_path="C:/ti/ccs900/ccs/tools/compiler/ti-cgt-c2000_18.12.2.LTS/include" --include_path="C:/F28335/SIN/DSP2833x_common/include" --include_path="C:/F28335/SIN/DSP2833x_common/source" --include_path="C:/F28335/SIN/DSP2833x_headers/include" --include_path="C:/F28335/SIN/DSP2833x_headers/source" -g --diag_warning=225 --diag_wrap=off --display_error_number --abi=coffabi --preproc_with_compile --preproc_dependency="KEY.d_raw"  "../KEY.C"
Finished building: "../KEY.C"
 
Building file: "../LCD.c"
Invoking: C2000 Compiler
"C:/ti/ccs900/ccs/tools/compiler/ti-cgt-c2000_18.12.2.LTS/bin/cl2000" -v28 -ml -mt --float_support=fpu32 --include_path="C:/ti/ccs900/ccs/tools/compiler/ti-cgt-c2000_18.12.2.LTS/include" --include_path="C:/F28335/SIN/DSP2833x_common/include" --include_path="C:/F28335/SIN/DSP2833x_common/source" --include_path="C:/F28335/SIN/DSP2833x_headers/include" --include_path="C:/F28335/SIN/DSP2833x_headers/source" -g --diag_warning=225 --diag_wrap=off --display_error_number --abi=coffabi --preproc_with_compile --preproc_dependency="LCD.d_raw"  "../LCD.c"
Finished building: "../LCD.c"
 
Building file: "../PWM1Out.c"
Invoking: C2000 Compiler
"C:/ti/ccs900/ccs/tools/compiler/ti-cgt-c2000_18.12.2.LTS/bin/cl2000" -v28 -ml -mt --float_support=fpu32 --include_path="C:/ti/ccs900/ccs/tools/compiler/ti-cgt-c2000_18.12.2.LTS/include" --include_path="C:/F28335/SIN/DSP2833x_common/include" --include_path="C:/F28335/SIN/DSP2833x_common/source" --include_path="C:/F28335/SIN/DSP2833x_headers/include" --include_path="C:/F28335/SIN/DSP2833x_headers/source" -g --diag_warning=225 --diag_wrap=off --display_error_number --abi=coffabi --preproc_with_compile --preproc_dependency="PWM1Out.d_raw"  "../PWM1Out.c"
Finished building: "../PWM1Out.c"
 
Building file: "../main_PWM1Out.c"
Invoking: C2000 Compiler
"C:/ti/ccs900/ccs/tools/compiler/ti-cgt-c2000_18.12.2.LTS/bin/cl2000" -v28 -ml -mt --float_support=fpu32 --include_path="C:/ti/ccs900/ccs/tools/compiler/ti-cgt-c2000_18.12.2.LTS/include" --include_path="C:/F28335/SIN/DSP2833x_common/include" --include_path="C:/F28335/SIN/DSP2833x_common/source" --include_path="C:/F28335/SIN/DSP2833x_headers/include" --include_path="C:/F28335/SIN/DSP2833x_headers/source" -g --diag_warning=225 --diag_wrap=off --display_error_number --abi=coffabi --preproc_with_compile --preproc_dependency="main_PWM1Out.d_raw"  "../main_PWM1Out.c"
"../main_PWM1Out.c", line 69: warning #1238-D: excess initializers are ignored
Finished building: "../main_PWM1Out.c"
 
Building target: "SIN.out"
Invoking: C2000 Linker
"C:/ti/ccs900/ccs/tools/compiler/ti-cgt-c2000_18.12.2.LTS/bin/cl2000" -v28 -ml -mt --float_support=fpu32 -g --diag_warning=225 --diag_wrap=off --display_error_number --abi=coffabi -z -m"SIN.map" --stack_size=0x300 --warn_sections -i"C:/ti/ccs900/ccs/tools/compiler/ti-cgt-c2000_18.12.2.LTS/lib" -i"C:/ti/ccs900/ccs/tools/compiler/ti-cgt-c2000_18.12.2.LTS/include" --reread_libs --diag_wrap=off --display_error_number --xml_link_info="SIN_linkInfo.xml" --rom_model -o "SIN.out" "./KEY.obj" "./LCD.obj" "./PWM1Out.obj" "./main_PWM1Out.obj" "./DSP2833x_common/source/DSP2833x_ADC_cal.obj" "./DSP2833x_common/source/DSP2833x_Adc.obj" "./DSP2833x_common/source/DSP2833x_CpuTimers.obj" "./DSP2833x_common/source/DSP2833x_DefaultIsr.obj" "./DSP2833x_common/source/DSP2833x_DisInt.obj" "./DSP2833x_common/source/DSP2833x_ECap.obj" "./DSP2833x_common/source/DSP2833x_EPwm.obj" "./DSP2833x_common/source/DSP2833x_EQep.obj" "./DSP2833x_common/source/DSP2833x_Gpio.obj" "./DSP2833x_common/source/DSP2833x_PieCtrl.obj" "./DSP2833x_common/source/DSP2833x_PieVect.obj" "./DSP2833x_common/source/DSP2833x_SysCtrl.obj" "./DSP2833x_common/source/DSP2833x_usDelay.obj" "./DSP2833x_headers/source/DSP2833x_GlobalVariableDefs.obj" "../28335_RAM_lnk.cmd" "../DSP2833x_headers/cmd/DSP2833x_Headers_nonBIOS.cmd"  -llibc.a 
<Linking>
Finished building target: "SIN.out"
 

**** Build Finished ****
