
**** Build of configuration Debug for project ZQ28335_BXSBQ3 ****

"C:\\ti\\ccs900\\ccs\\utils\\bin\\gmake" -k all 
 
Building file: "../Delay.c"
Invoking: C2000 Compiler
"C:/ti/ccs900/ccs/tools/compiler/ti-cgt-c2000_18.12.1.LTS/bin/cl2000" -v28 -ml -mt --float_support=fpu32 -g --include_path="C:/ti/ccs900/ccs/tools/compiler/ti-cgt-c2000_18.12.1.LTS/include" --include_path="C:/F28335/ZQ28335_BXSBQ3/DSP2833x_common/include" --include_path="C:/F28335/ZQ28335_BXSBQ3/DSP2833x_common/source" --include_path="C:/F28335/ZQ28335_BXSBQ3/DSP2833x_headers/include" --include_path="C:/F28335/ZQ28335_BXSBQ3/DSP2833x_headers/source" --diag_warning=225 --display_error_number --diag_wrap=off --preproc_with_compile --preproc_dependency="Delay.d_raw"  "../Delay.c"
Finished building: "../Delay.c"
 
Building file: "../KEY4x4.c"
Invoking: C2000 Compiler
"C:/ti/ccs900/ccs/tools/compiler/ti-cgt-c2000_18.12.1.LTS/bin/cl2000" -v28 -ml -mt --float_support=fpu32 -g --include_path="C:/ti/ccs900/ccs/tools/compiler/ti-cgt-c2000_18.12.1.LTS/include" --include_path="C:/F28335/ZQ28335_BXSBQ3/DSP2833x_common/include" --include_path="C:/F28335/ZQ28335_BXSBQ3/DSP2833x_common/source" --include_path="C:/F28335/ZQ28335_BXSBQ3/DSP2833x_headers/include" --include_path="C:/F28335/ZQ28335_BXSBQ3/DSP2833x_headers/source" --diag_warning=225 --display_error_number --diag_wrap=off --preproc_with_compile --preproc_dependency="KEY4x4.d_raw"  "../KEY4x4.c"
Finished building: "../KEY4x4.c"
 
Building file: "../LCD12864.c"
Invoking: C2000 Compiler
"C:/ti/ccs900/ccs/tools/compiler/ti-cgt-c2000_18.12.1.LTS/bin/cl2000" -v28 -ml -mt --float_support=fpu32 -g --include_path="C:/ti/ccs900/ccs/tools/compiler/ti-cgt-c2000_18.12.1.LTS/include" --include_path="C:/F28335/ZQ28335_BXSBQ3/DSP2833x_common/include" --include_path="C:/F28335/ZQ28335_BXSBQ3/DSP2833x_common/source" --include_path="C:/F28335/ZQ28335_BXSBQ3/DSP2833x_headers/include" --include_path="C:/F28335/ZQ28335_BXSBQ3/DSP2833x_headers/source" --diag_warning=225 --display_error_number --diag_wrap=off --preproc_with_compile --preproc_dependency="LCD12864.d_raw"  "../LCD12864.c"
 
>> Compilation failure
subdir_rules.mk:9: recipe for target 'LCD12864.obj' failed
"../LCD12864.c", line 16: error #20: identifier "uchar" is undefined
"../LCD12864.c", line 16: error #145: a value of type "char [64]" cannot be used to initialize an entity of type "<error-type> []"
"../LCD12864.c", line 20: error #20: identifier "uchar" is undefined
"../LCD12864.c", line 28: error #20: identifier "uchar" is undefined
"../LCD12864.c", line 29: error #20: identifier "uchar" is undefined
"../LCD12864.c", line 30: error #20: identifier "uchar" is undefined
"../LCD12864.c", line 31: error #20: identifier "uchar" is undefined
"../LCD12864.c", line 31: error #145: a value of type "char [6]" cannot be used to initialize an entity of type "<error-type> []"
"../LCD12864.c", line 32: error #20: identifier "uchar" is undefined
"../LCD12864.c", line 33: error #20: identifier "uchar" is undefined
"../LCD12864.c", line 33: error #145: a value of type "char [6]" cannot be used to initialize an entity of type "<error-type> []"
"../LCD12864.c", line 34: error #20: identifier "uchar" is undefined
"../LCD12864.c", line 35: error #20: identifier "uchar" is undefined
"../LCD12864.c", line 36: error #20: identifier "uchar" is undefined
"../LCD12864.c", line 37: error #20: identifier "uchar" is undefined
"../LCD12864.c", line 38: error #20: identifier "uchar" is undefined
"../LCD12864.c", line 39: error #20: identifier "uchar" is undefined
"../LCD12864.c", line 42: error #20: identifier "uchar" is undefined
"../LCD12864.c", line 45: error #20: identifier "uchar" is undefined
"../LCD12864.c", line 48: error #20: identifier "uchar" is undefined
"../LCD12864.c", line 51: error #20: identifier "uchar" is undefined
"../LCD12864.c", line 52: error #20: identifier "uchar" is undefined
"../LCD12864.c", line 53: error #20: identifier "uchar" is undefined
"../LCD12864.c", line 57: error #20: identifier "uchar" is undefined
"../LCD12864.c", line 58: error #20: identifier "uchar" is undefined
"../LCD12864.c", line 60: error #20: identifier "uchar" is undefined
"../LCD12864.c", line 61: error #20: identifier "uchar" is undefined
"../LCD12864.c", line 63: error #20: identifier "uchar" is undefined
"../LCD12864.c", line 64: error #20: identifier "uchar" is undefined
"../LCD12864.c", line 66: error #20: identifier "uchar" is undefined
"../LCD12864.c", line 67: error #20: identifier "uchar" is undefined
"../LCD12864.c", line 69: error #20: identifier "uchar" is undefined
"../LCD12864.c", line 70: error #20: identifier "uchar" is undefined
"../LCD12864.c", line 73: error #20: identifier "uchar" is undefined
"../LCD12864.c", line 118: error #20: identifier "uchar" is undefined
"../LCD12864.c", line 118: error #20: identifier "uchar" is undefined
"../LCD12864.c", line 118: error #20: identifier "uchar" is undefined
"../LCD12864.c", line 128: error #20: identifier "uchar" is undefined
"../LCD12864.c", line 128: error #20: identifier "uchar" is undefined
"../LCD12864.c", line 128: error #20: identifier "uchar" is undefined
"../LCD12864.c", line 136: error #20: identifier "uchar" is undefined
"../LCD12864.c", line 136: error #20: identifier "uchar" is undefined
"../LCD12864.c", line 136: error #20: identifier "uchar" is undefined
"../LCD12864.c", line 143: error #20: identifier "uchar" is undefined
"../LCD12864.c", line 155: error #20: identifier "uchar" is undefined
"../LCD12864.c", line 162: error #20: identifier "uchar" is undefined
"../LCD12864.c", line 170: error #20: identifier "uchar" is undefined
"../LCD12864.c", line 170: error #20: identifier "uchar" is undefined
"../LCD12864.c", line 178: error #20: identifier "uchar" is undefined
"../LCD12864.c", line 178: error #20: identifier "uchar" is undefined
"../LCD12864.c", line 178: error #20: identifier "uchar" is undefined
"../LCD12864.c", line 186: error #20: identifier "uchar" is undefined
"../LCD12864.c", line 186: error #20: identifier "uchar" is undefined
"../LCD12864.c", line 194: error #20: identifier "uchar" is undefined
"../LCD12864.c", line 194: error #20: identifier "uchar" is undefined
"../LCD12864.c", line 194: error #20: identifier "uchar" is undefined
"../LCD12864.c", line 208: error #20: identifier "uchar" is undefined
"../LCD12864.c", line 208: error #20: identifier "uchar" is undefined
"../LCD12864.c", line 208: error #20: identifier "uchar" is undefined
"../LCD12864.c", line 267: error #20: identifier "SDATA_OUT" is undefined
"../LCD12864.c", line 268: error #20: identifier "SCLK_quarter" is undefined
"../LCD12864.c", line 271: error #20: identifier "SCLK_0" is undefined
"../LCD12864.c", line 273: error #20: identifier "SDATA" is undefined
"../LCD12864.c", line 276: error #20: identifier "SCLK_1" is undefined
"../LCD12864.c", line 277: error #20: identifier "SCLK_half" is undefined
"../LCD12864.c", line 281: error #20: identifier "SDATA" is undefined
"../LCD12864.c", line 299: error #20: identifier "CS_1" is undefined
"../LCD12864.c", line 308: error #20: identifier "CS_0" is undefined
"../LCD12864.c", line 309: error #20: identifier "execute_72us" is undefined
"../LCD12864.c", line 320: error #20: identifier "CS_1" is undefined
"../LCD12864.c", line 330: error #20: identifier "CS_0" is undefined
"../LCD12864.c", line 331: error #20: identifier "execute_72us" is undefined
"../LCD12864.c", line 353: error #20: identifier "uchar" is undefined
"../LCD12864.c", line 367: error #20: identifier "uchar" is undefined
"../LCD12864.c", line 383: error #20: identifier "uchar" is undefined
"../LCD12864.c", line 383: error #20: identifier "uchar" is undefined
"../LCD12864.c", line 383: error #20: identifier "uchar" is undefined
"../LCD12864.c", line 390: error #20: identifier "BASIC_SET" is undefined
"../LCD12864.c", line 424: error #20: identifier "uchar" is undefined
"../LCD12864.c", line 424: error #20: identifier "uchar" is undefined
"../LCD12864.c", line 424: error #20: identifier "uchar" is undefined
"../LCD12864.c", line 481: error #20: identifier "uchar" is undefined
"../LCD12864.c", line 481: error #20: identifier "uchar" is undefined
"../LCD12864.c", line 481: error #20: identifier "uchar" is undefined
"../LCD12864.c", line 483: error #20: identifier "uchar" is undefined
"../LCD12864.c", line 484: error #20: identifier "uchar" is undefined
"../LCD12864.c", line 521: error #20: identifier "uchar" is undefined
"../LCD12864.c", line 560: error #20: identifier "uchar" is undefined
"../LCD12864.c", line 576: error #20: identifier "uchar" is undefined
"../LCD12864.c", line 578: error #20: identifier "uchar" is undefined
"../LCD12864.c", line 613: error #20: identifier "uchar" is undefined
"../LCD12864.c", line 663: error #20: identifier "uchar" is undefined
"../LCD12864.c", line 704: error #20: identifier "uchar" is undefined
"../LCD12864.c", line 774: error #20: identifier "RST_0" is undefined
"../LCD12864.c", line 776: error #20: identifier "RST_1" is undefined
"../LCD12864.c", line 796: error #20: identifier "uchar" is undefined
"../LCD12864.c", line 805: error #20: identifier "uchar" is undefined
"../LCD12864.c", line 806: error #20: identifier "uchar" is undefined
"../LCD12864.c", line 807: error #20: identifier "uchar" is undefined
99 errors detected in the compilation of "../LCD12864.c".
gmake: *** [LCD12864.obj] Error 1
Building file: "../main_LCD12864.c"
Invoking: C2000 Compiler
"C:/ti/ccs900/ccs/tools/compiler/ti-cgt-c2000_18.12.1.LTS/bin/cl2000" -v28 -ml -mt --float_support=fpu32 -g --include_path="C:/ti/ccs900/ccs/tools/compiler/ti-cgt-c2000_18.12.1.LTS/include" --include_path="C:/F28335/ZQ28335_BXSBQ3/DSP2833x_common/include" --include_path="C:/F28335/ZQ28335_BXSBQ3/DSP2833x_common/source" --include_path="C:/F28335/ZQ28335_BXSBQ3/DSP2833x_headers/include" --include_path="C:/F28335/ZQ28335_BXSBQ3/DSP2833x_headers/source" --diag_warning=225 --display_error_number --diag_wrap=off --preproc_with_compile --preproc_dependency="main_LCD12864.d_raw"  "../main_LCD12864.c"
Finished building: "../main_LCD12864.c"
 
Building file: "../DSP2833x_common/source/DSP2833x_ADC_cal.asm"
Invoking: C2000 Compiler
"C:/ti/ccs900/ccs/tools/compiler/ti-cgt-c2000_18.12.1.LTS/bin/cl2000" -v28 -ml -mt --float_support=fpu32 -g --include_path="C:/ti/ccs900/ccs/tools/compiler/ti-cgt-c2000_18.12.1.LTS/include" --include_path="C:/F28335/ZQ28335_BXSBQ3/DSP2833x_common/include" --include_path="C:/F28335/ZQ28335_BXSBQ3/DSP2833x_common/source" --include_path="C:/F28335/ZQ28335_BXSBQ3/DSP2833x_headers/include" --include_path="C:/F28335/ZQ28335_BXSBQ3/DSP2833x_headers/source" --diag_warning=225 --display_error_number --diag_wrap=off --preproc_with_compile --preproc_dependency="DSP2833x_common/source/DSP2833x_ADC_cal.d_raw" --obj_directory="DSP2833x_common/source"  "../DSP2833x_common/source/DSP2833x_ADC_cal.asm"
Finished building: "../DSP2833x_common/source/DSP2833x_ADC_cal.asm"
 
Building file: "../DSP2833x_common/source/DSP2833x_CSMPasswords.asm"
Invoking: C2000 Compiler
"C:/ti/ccs900/ccs/tools/compiler/ti-cgt-c2000_18.12.1.LTS/bin/cl2000" -v28 -ml -mt --float_support=fpu32 -g --include_path="C:/ti/ccs900/ccs/tools/compiler/ti-cgt-c2000_18.12.1.LTS/include" --include_path="C:/F28335/ZQ28335_BXSBQ3/DSP2833x_common/include" --include_path="C:/F28335/ZQ28335_BXSBQ3/DSP2833x_common/source" --include_path="C:/F28335/ZQ28335_BXSBQ3/DSP2833x_headers/include" --include_path="C:/F28335/ZQ28335_BXSBQ3/DSP2833x_headers/source" --diag_warning=225 --display_error_number --diag_wrap=off --preproc_with_compile --preproc_dependency="DSP2833x_common/source/DSP2833x_CSMPasswords.d_raw" --obj_directory="DSP2833x_common/source"  "../DSP2833x_common/source/DSP2833x_CSMPasswords.asm"
Finished building: "../DSP2833x_common/source/DSP2833x_CSMPasswords.asm"
 
Building file: "../DSP2833x_common/source/DSP2833x_CodeStartBranch.asm"
Invoking: C2000 Compiler
"C:/ti/ccs900/ccs/tools/compiler/ti-cgt-c2000_18.12.1.LTS/bin/cl2000" -v28 -ml -mt --float_support=fpu32 -g --include_path="C:/ti/ccs900/ccs/tools/compiler/ti-cgt-c2000_18.12.1.LTS/include" --include_path="C:/F28335/ZQ28335_BXSBQ3/DSP2833x_common/include" --include_path="C:/F28335/ZQ28335_BXSBQ3/DSP2833x_common/source" --include_path="C:/F28335/ZQ28335_BXSBQ3/DSP2833x_headers/include" --include_path="C:/F28335/ZQ28335_BXSBQ3/DSP2833x_headers/source" --diag_warning=225 --display_error_number --diag_wrap=off --preproc_with_compile --preproc_dependency="DSP2833x_common/source/DSP2833x_CodeStartBranch.d_raw" --obj_directory="DSP2833x_common/source"  "../DSP2833x_common/source/DSP2833x_CodeStartBranch.asm"
Finished building: "../DSP2833x_common/source/DSP2833x_CodeStartBranch.asm"
 
Building file: "../DSP2833x_common/source/DSP2833x_CpuTimers.c"
Invoking: C2000 Compiler
"C:/ti/ccs900/ccs/tools/compiler/ti-cgt-c2000_18.12.1.LTS/bin/cl2000" -v28 -ml -mt --float_support=fpu32 -g --include_path="C:/ti/ccs900/ccs/tools/compiler/ti-cgt-c2000_18.12.1.LTS/include" --include_path="C:/F28335/ZQ28335_BXSBQ3/DSP2833x_common/include" --include_path="C:/F28335/ZQ28335_BXSBQ3/DSP2833x_common/source" --include_path="C:/F28335/ZQ28335_BXSBQ3/DSP2833x_headers/include" --include_path="C:/F28335/ZQ28335_BXSBQ3/DSP2833x_headers/source" --diag_warning=225 --display_error_number --diag_wrap=off --preproc_with_compile --preproc_dependency="DSP2833x_common/source/DSP2833x_CpuTimers.d_raw" --obj_directory="DSP2833x_common/source"  "../DSP2833x_common/source/DSP2833x_CpuTimers.c"
Finished building: "../DSP2833x_common/source/DSP2833x_CpuTimers.c"
 
Building file: "../DSP2833x_common/source/DSP2833x_DBGIER.asm"
Invoking: C2000 Compiler
"C:/ti/ccs900/ccs/tools/compiler/ti-cgt-c2000_18.12.1.LTS/bin/cl2000" -v28 -ml -mt --float_support=fpu32 -g --include_path="C:/ti/ccs900/ccs/tools/compiler/ti-cgt-c2000_18.12.1.LTS/include" --include_path="C:/F28335/ZQ28335_BXSBQ3/DSP2833x_common/include" --include_path="C:/F28335/ZQ28335_BXSBQ3/DSP2833x_common/source" --include_path="C:/F28335/ZQ28335_BXSBQ3/DSP2833x_headers/include" --include_path="C:/F28335/ZQ28335_BXSBQ3/DSP2833x_headers/source" --diag_warning=225 --display_error_number --diag_wrap=off --preproc_with_compile --preproc_dependency="DSP2833x_common/source/DSP2833x_DBGIER.d_raw" --obj_directory="DSP2833x_common/source"  "../DSP2833x_common/source/DSP2833x_DBGIER.asm"
Finished building: "../DSP2833x_common/source/DSP2833x_DBGIER.asm"
 
Building file: "../DSP2833x_common/source/DSP2833x_DefaultIsr.c"
Invoking: C2000 Compiler
"C:/ti/ccs900/ccs/tools/compiler/ti-cgt-c2000_18.12.1.LTS/bin/cl2000" -v28 -ml -mt --float_support=fpu32 -g --include_path="C:/ti/ccs900/ccs/tools/compiler/ti-cgt-c2000_18.12.1.LTS/include" --include_path="C:/F28335/ZQ28335_BXSBQ3/DSP2833x_common/include" --include_path="C:/F28335/ZQ28335_BXSBQ3/DSP2833x_common/source" --include_path="C:/F28335/ZQ28335_BXSBQ3/DSP2833x_headers/include" --include_path="C:/F28335/ZQ28335_BXSBQ3/DSP2833x_headers/source" --diag_warning=225 --display_error_number --diag_wrap=off --preproc_with_compile --preproc_dependency="DSP2833x_common/source/DSP2833x_DefaultIsr.d_raw" --obj_directory="DSP2833x_common/source"  "../DSP2833x_common/source/DSP2833x_DefaultIsr.c"
Finished building: "../DSP2833x_common/source/DSP2833x_DefaultIsr.c"
 
Building file: "../DSP2833x_common/source/DSP2833x_DisInt.asm"
Invoking: C2000 Compiler
"C:/ti/ccs900/ccs/tools/compiler/ti-cgt-c2000_18.12.1.LTS/bin/cl2000" -v28 -ml -mt --float_support=fpu32 -g --include_path="C:/ti/ccs900/ccs/tools/compiler/ti-cgt-c2000_18.12.1.LTS/include" --include_path="C:/F28335/ZQ28335_BXSBQ3/DSP2833x_common/include" --include_path="C:/F28335/ZQ28335_BXSBQ3/DSP2833x_common/source" --include_path="C:/F28335/ZQ28335_BXSBQ3/DSP2833x_headers/include" --include_path="C:/F28335/ZQ28335_BXSBQ3/DSP2833x_headers/source" --diag_warning=225 --display_error_number --diag_wrap=off --preproc_with_compile --preproc_dependency="DSP2833x_common/source/DSP2833x_DisInt.d_raw" --obj_directory="DSP2833x_common/source"  "../DSP2833x_common/source/DSP2833x_DisInt.asm"
Finished building: "../DSP2833x_common/source/DSP2833x_DisInt.asm"
 
Building file: "../DSP2833x_common/source/DSP2833x_Gpio.c"
Invoking: C2000 Compiler
"C:/ti/ccs900/ccs/tools/compiler/ti-cgt-c2000_18.12.1.LTS/bin/cl2000" -v28 -ml -mt --float_support=fpu32 -g --include_path="C:/ti/ccs900/ccs/tools/compiler/ti-cgt-c2000_18.12.1.LTS/include" --include_path="C:/F28335/ZQ28335_BXSBQ3/DSP2833x_common/include" --include_path="C:/F28335/ZQ28335_BXSBQ3/DSP2833x_common/source" --include_path="C:/F28335/ZQ28335_BXSBQ3/DSP2833x_headers/include" --include_path="C:/F28335/ZQ28335_BXSBQ3/DSP2833x_headers/source" --diag_warning=225 --display_error_number --diag_wrap=off --preproc_with_compile --preproc_dependency="DSP2833x_common/source/DSP2833x_Gpio.d_raw" --obj_directory="DSP2833x_common/source"  "../DSP2833x_common/source/DSP2833x_Gpio.c"
Finished building: "../DSP2833x_common/source/DSP2833x_Gpio.c"
 
Building file: "../DSP2833x_common/source/DSP2833x_PieCtrl.c"
Invoking: C2000 Compiler
"C:/ti/ccs900/ccs/tools/compiler/ti-cgt-c2000_18.12.1.LTS/bin/cl2000" -v28 -ml -mt --float_support=fpu32 -g --include_path="C:/ti/ccs900/ccs/tools/compiler/ti-cgt-c2000_18.12.1.LTS/include" --include_path="C:/F28335/ZQ28335_BXSBQ3/DSP2833x_common/include" --include_path="C:/F28335/ZQ28335_BXSBQ3/DSP2833x_common/source" --include_path="C:/F28335/ZQ28335_BXSBQ3/DSP2833x_headers/include" --include_path="C:/F28335/ZQ28335_BXSBQ3/DSP2833x_headers/source" --diag_warning=225 --display_error_number --diag_wrap=off --preproc_with_compile --preproc_dependency="DSP2833x_common/source/DSP2833x_PieCtrl.d_raw" --obj_directory="DSP2833x_common/source"  "../DSP2833x_common/source/DSP2833x_PieCtrl.c"
Finished building: "../DSP2833x_common/source/DSP2833x_PieCtrl.c"
 
Building file: "../DSP2833x_common/source/DSP2833x_PieVect.c"
Invoking: C2000 Compiler
"C:/ti/ccs900/ccs/tools/compiler/ti-cgt-c2000_18.12.1.LTS/bin/cl2000" -v28 -ml -mt --float_support=fpu32 -g --include_path="C:/ti/ccs900/ccs/tools/compiler/ti-cgt-c2000_18.12.1.LTS/include" --include_path="C:/F28335/ZQ28335_BXSBQ3/DSP2833x_common/include" --include_path="C:/F28335/ZQ28335_BXSBQ3/DSP2833x_common/source" --include_path="C:/F28335/ZQ28335_BXSBQ3/DSP2833x_headers/include" --include_path="C:/F28335/ZQ28335_BXSBQ3/DSP2833x_headers/source" --diag_warning=225 --display_error_number --diag_wrap=off --preproc_with_compile --preproc_dependency="DSP2833x_common/source/DSP2833x_PieVect.d_raw" --obj_directory="DSP2833x_common/source"  "../DSP2833x_common/source/DSP2833x_PieVect.c"
Finished building: "../DSP2833x_common/source/DSP2833x_PieVect.c"
 
Building file: "../DSP2833x_common/source/DSP2833x_SysCtrl.c"
Invoking: C2000 Compiler
"C:/ti/ccs900/ccs/tools/compiler/ti-cgt-c2000_18.12.1.LTS/bin/cl2000" -v28 -ml -mt --float_support=fpu32 -g --include_path="C:/ti/ccs900/ccs/tools/compiler/ti-cgt-c2000_18.12.1.LTS/include" --include_path="C:/F28335/ZQ28335_BXSBQ3/DSP2833x_common/include" --include_path="C:/F28335/ZQ28335_BXSBQ3/DSP2833x_common/source" --include_path="C:/F28335/ZQ28335_BXSBQ3/DSP2833x_headers/include" --include_path="C:/F28335/ZQ28335_BXSBQ3/DSP2833x_headers/source" --diag_warning=225 --display_error_number --diag_wrap=off --preproc_with_compile --preproc_dependency="DSP2833x_common/source/DSP2833x_SysCtrl.d_raw" --obj_directory="DSP2833x_common/source"  "../DSP2833x_common/source/DSP2833x_SysCtrl.c"
Finished building: "../DSP2833x_common/source/DSP2833x_SysCtrl.c"
 
Building file: "../DSP2833x_common/source/DSP2833x_Xintf.c"
Invoking: C2000 Compiler
"C:/ti/ccs900/ccs/tools/compiler/ti-cgt-c2000_18.12.1.LTS/bin/cl2000" -v28 -ml -mt --float_support=fpu32 -g --include_path="C:/ti/ccs900/ccs/tools/compiler/ti-cgt-c2000_18.12.1.LTS/include" --include_path="C:/F28335/ZQ28335_BXSBQ3/DSP2833x_common/include" --include_path="C:/F28335/ZQ28335_BXSBQ3/DSP2833x_common/source" --include_path="C:/F28335/ZQ28335_BXSBQ3/DSP2833x_headers/include" --include_path="C:/F28335/ZQ28335_BXSBQ3/DSP2833x_headers/source" --diag_warning=225 --display_error_number --diag_wrap=off --preproc_with_compile --preproc_dependency="DSP2833x_common/source/DSP2833x_Xintf.d_raw" --obj_directory="DSP2833x_common/source"  "../DSP2833x_common/source/DSP2833x_Xintf.c"
Finished building: "../DSP2833x_common/source/DSP2833x_Xintf.c"
 
Building file: "../DSP2833x_common/source/DSP2833x_usDelay.asm"
Invoking: C2000 Compiler
"C:/ti/ccs900/ccs/tools/compiler/ti-cgt-c2000_18.12.1.LTS/bin/cl2000" -v28 -ml -mt --float_support=fpu32 -g --include_path="C:/ti/ccs900/ccs/tools/compiler/ti-cgt-c2000_18.12.1.LTS/include" --include_path="C:/F28335/ZQ28335_BXSBQ3/DSP2833x_common/include" --include_path="C:/F28335/ZQ28335_BXSBQ3/DSP2833x_common/source" --include_path="C:/F28335/ZQ28335_BXSBQ3/DSP2833x_headers/include" --include_path="C:/F28335/ZQ28335_BXSBQ3/DSP2833x_headers/source" --diag_warning=225 --display_error_number --diag_wrap=off --preproc_with_compile --preproc_dependency="DSP2833x_common/source/DSP2833x_usDelay.d_raw" --obj_directory="DSP2833x_common/source"  "../DSP2833x_common/source/DSP2833x_usDelay.asm"
Finished building: "../DSP2833x_common/source/DSP2833x_usDelay.asm"
 
Building file: "../DSP2833x_headers/source/DSP2833x_GlobalVariableDefs.c"
Invoking: C2000 Compiler
"C:/ti/ccs900/ccs/tools/compiler/ti-cgt-c2000_18.12.1.LTS/bin/cl2000" -v28 -ml -mt --float_support=fpu32 -g --include_path="C:/ti/ccs900/ccs/tools/compiler/ti-cgt-c2000_18.12.1.LTS/include" --include_path="C:/F28335/ZQ28335_BXSBQ3/DSP2833x_common/include" --include_path="C:/F28335/ZQ28335_BXSBQ3/DSP2833x_common/source" --include_path="C:/F28335/ZQ28335_BXSBQ3/DSP2833x_headers/include" --include_path="C:/F28335/ZQ28335_BXSBQ3/DSP2833x_headers/source" --diag_warning=225 --display_error_number --diag_wrap=off --preproc_with_compile --preproc_dependency="DSP2833x_headers/source/DSP2833x_GlobalVariableDefs.d_raw" --obj_directory="DSP2833x_headers/source"  "../DSP2833x_headers/source/DSP2833x_GlobalVariableDefs.c"
Finished building: "../DSP2833x_headers/source/DSP2833x_GlobalVariableDefs.c"
 
gmake: Target 'all' not remade because of errors.

**** Build Finished ****
