
**** Build of configuration Debug for project ZQ28335_LED_KEY ****

"C:\\ti\\ccs900\\ccs\\utils\\bin\\gmake" -k all 
 
Building file: "../KEY.C"
Invoking: C2000 Compiler
"C:/ti/ccs900/ccs/tools/compiler/ti-cgt-c2000_18.12.1.LTS/bin/cl2000" -v28 -ml -mt --float_support=fpu32 -g --include_path="C:/ti/ccs900/ccs/tools/compiler/ti-cgt-c2000_18.12.1.LTS/include" --include_path="C:/F28335/ZQ28335_LED_KEY/DSP2833x_common/include" --include_path="C:/F28335/ZQ28335_LED_KEY/DSP2833x_common/source" --include_path="C:/F28335/ZQ28335_LED_KEY/DSP2833x_headers/include" --include_path="C:/F28335/ZQ28335_LED_KEY/DSP2833x_headers/source" --diag_warning=225 --display_error_number --diag_wrap=off --preproc_with_compile --preproc_dependency="KEY.d_raw"  "../KEY.C"
Finished building: "../KEY.C"
 
Building file: "../LCD12864.c"
Invoking: C2000 Compiler
"C:/ti/ccs900/ccs/tools/compiler/ti-cgt-c2000_18.12.1.LTS/bin/cl2000" -v28 -ml -mt --float_support=fpu32 -g --include_path="C:/ti/ccs900/ccs/tools/compiler/ti-cgt-c2000_18.12.1.LTS/include" --include_path="C:/F28335/ZQ28335_LED_KEY/DSP2833x_common/include" --include_path="C:/F28335/ZQ28335_LED_KEY/DSP2833x_common/source" --include_path="C:/F28335/ZQ28335_LED_KEY/DSP2833x_headers/include" --include_path="C:/F28335/ZQ28335_LED_KEY/DSP2833x_headers/source" --diag_warning=225 --display_error_number --diag_wrap=off --preproc_with_compile --preproc_dependency="LCD12864.d_raw"  "../LCD12864.c"
Finished building: "../LCD12864.c"
 
Building file: "../LED.c"
Invoking: C2000 Compiler
"C:/ti/ccs900/ccs/tools/compiler/ti-cgt-c2000_18.12.1.LTS/bin/cl2000" -v28 -ml -mt --float_support=fpu32 -g --include_path="C:/ti/ccs900/ccs/tools/compiler/ti-cgt-c2000_18.12.1.LTS/include" --include_path="C:/F28335/ZQ28335_LED_KEY/DSP2833x_common/include" --include_path="C:/F28335/ZQ28335_LED_KEY/DSP2833x_common/source" --include_path="C:/F28335/ZQ28335_LED_KEY/DSP2833x_headers/include" --include_path="C:/F28335/ZQ28335_LED_KEY/DSP2833x_headers/source" --diag_warning=225 --display_error_number --diag_wrap=off --preproc_with_compile --preproc_dependency="LED.d_raw"  "../LED.c"
Finished building: "../LED.c"
 
Building file: "../main_3x3_KEY.C"
Invoking: C2000 Compiler
"C:/ti/ccs900/ccs/tools/compiler/ti-cgt-c2000_18.12.1.LTS/bin/cl2000" -v28 -ml -mt --float_support=fpu32 -g --include_path="C:/ti/ccs900/ccs/tools/compiler/ti-cgt-c2000_18.12.1.LTS/include" --include_path="C:/F28335/ZQ28335_LED_KEY/DSP2833x_common/include" --include_path="C:/F28335/ZQ28335_LED_KEY/DSP2833x_common/source" --include_path="C:/F28335/ZQ28335_LED_KEY/DSP2833x_headers/include" --include_path="C:/F28335/ZQ28335_LED_KEY/DSP2833x_headers/source" --diag_warning=225 --display_error_number --diag_wrap=off --preproc_with_compile --preproc_dependency="main_3x3_KEY.d_raw"  "../main_3x3_KEY.C"
Finished building: "../main_3x3_KEY.C"
 
Building file: "../DSP2833x_common/source/DSP2833x_ADC_cal.asm"
Invoking: C2000 Compiler
"C:/ti/ccs900/ccs/tools/compiler/ti-cgt-c2000_18.12.1.LTS/bin/cl2000" -v28 -ml -mt --float_support=fpu32 -g --include_path="C:/ti/ccs900/ccs/tools/compiler/ti-cgt-c2000_18.12.1.LTS/include" --include_path="C:/F28335/ZQ28335_LED_KEY/DSP2833x_common/include" --include_path="C:/F28335/ZQ28335_LED_KEY/DSP2833x_common/source" --include_path="C:/F28335/ZQ28335_LED_KEY/DSP2833x_headers/include" --include_path="C:/F28335/ZQ28335_LED_KEY/DSP2833x_headers/source" --diag_warning=225 --display_error_number --diag_wrap=off --preproc_with_compile --preproc_dependency="DSP2833x_common/source/DSP2833x_ADC_cal.d_raw" --obj_directory="DSP2833x_common/source"  "../DSP2833x_common/source/DSP2833x_ADC_cal.asm"
Finished building: "../DSP2833x_common/source/DSP2833x_ADC_cal.asm"
 
Building file: "../DSP2833x_common/source/DSP2833x_CSMPasswords.asm"
Invoking: C2000 Compiler
"C:/ti/ccs900/ccs/tools/compiler/ti-cgt-c2000_18.12.1.LTS/bin/cl2000" -v28 -ml -mt --float_support=fpu32 -g --include_path="C:/ti/ccs900/ccs/tools/compiler/ti-cgt-c2000_18.12.1.LTS/include" --include_path="C:/F28335/ZQ28335_LED_KEY/DSP2833x_common/include" --include_path="C:/F28335/ZQ28335_LED_KEY/DSP2833x_common/source" --include_path="C:/F28335/ZQ28335_LED_KEY/DSP2833x_headers/include" --include_path="C:/F28335/ZQ28335_LED_KEY/DSP2833x_headers/source" --diag_warning=225 --display_error_number --diag_wrap=off --preproc_with_compile --preproc_dependency="DSP2833x_common/source/DSP2833x_CSMPasswords.d_raw" --obj_directory="DSP2833x_common/source"  "../DSP2833x_common/source/DSP2833x_CSMPasswords.asm"
Finished building: "../DSP2833x_common/source/DSP2833x_CSMPasswords.asm"
 
Building file: "../DSP2833x_common/source/DSP2833x_CpuTimers.c"
Invoking: C2000 Compiler
"C:/ti/ccs900/ccs/tools/compiler/ti-cgt-c2000_18.12.1.LTS/bin/cl2000" -v28 -ml -mt --float_support=fpu32 -g --include_path="C:/ti/ccs900/ccs/tools/compiler/ti-cgt-c2000_18.12.1.LTS/include" --include_path="C:/F28335/ZQ28335_LED_KEY/DSP2833x_common/include" --include_path="C:/F28335/ZQ28335_LED_KEY/DSP2833x_common/source" --include_path="C:/F28335/ZQ28335_LED_KEY/DSP2833x_headers/include" --include_path="C:/F28335/ZQ28335_LED_KEY/DSP2833x_headers/source" --diag_warning=225 --display_error_number --diag_wrap=off --preproc_with_compile --preproc_dependency="DSP2833x_common/source/DSP2833x_CpuTimers.d_raw" --obj_directory="DSP2833x_common/source"  "../DSP2833x_common/source/DSP2833x_CpuTimers.c"
Finished building: "../DSP2833x_common/source/DSP2833x_CpuTimers.c"
 
Building file: "../DSP2833x_common/source/DSP2833x_DefaultIsr.c"
Invoking: C2000 Compiler
"C:/ti/ccs900/ccs/tools/compiler/ti-cgt-c2000_18.12.1.LTS/bin/cl2000" -v28 -ml -mt --float_support=fpu32 -g --include_path="C:/ti/ccs900/ccs/tools/compiler/ti-cgt-c2000_18.12.1.LTS/include" --include_path="C:/F28335/ZQ28335_LED_KEY/DSP2833x_common/include" --include_path="C:/F28335/ZQ28335_LED_KEY/DSP2833x_common/source" --include_path="C:/F28335/ZQ28335_LED_KEY/DSP2833x_headers/include" --include_path="C:/F28335/ZQ28335_LED_KEY/DSP2833x_headers/source" --diag_warning=225 --display_error_number --diag_wrap=off --preproc_with_compile --preproc_dependency="DSP2833x_common/source/DSP2833x_DefaultIsr.d_raw" --obj_directory="DSP2833x_common/source"  "../DSP2833x_common/source/DSP2833x_DefaultIsr.c"
Finished building: "../DSP2833x_common/source/DSP2833x_DefaultIsr.c"
 
Building file: "../DSP2833x_common/source/DSP2833x_MemCopy.c"
Invoking: C2000 Compiler
"C:/ti/ccs900/ccs/tools/compiler/ti-cgt-c2000_18.12.1.LTS/bin/cl2000" -v28 -ml -mt --float_support=fpu32 -g --include_path="C:/ti/ccs900/ccs/tools/compiler/ti-cgt-c2000_18.12.1.LTS/include" --include_path="C:/F28335/ZQ28335_LED_KEY/DSP2833x_common/include" --include_path="C:/F28335/ZQ28335_LED_KEY/DSP2833x_common/source" --include_path="C:/F28335/ZQ28335_LED_KEY/DSP2833x_headers/include" --include_path="C:/F28335/ZQ28335_LED_KEY/DSP2833x_headers/source" --diag_warning=225 --display_error_number --diag_wrap=off --preproc_with_compile --preproc_dependency="DSP2833x_common/source/DSP2833x_MemCopy.d_raw" --obj_directory="DSP2833x_common/source"  "../DSP2833x_common/source/DSP2833x_MemCopy.c"
Finished building: "../DSP2833x_common/source/DSP2833x_MemCopy.c"
 
Building file: "../DSP2833x_common/source/DSP2833x_PieCtrl.c"
Invoking: C2000 Compiler
"C:/ti/ccs900/ccs/tools/compiler/ti-cgt-c2000_18.12.1.LTS/bin/cl2000" -v28 -ml -mt --float_support=fpu32 -g --include_path="C:/ti/ccs900/ccs/tools/compiler/ti-cgt-c2000_18.12.1.LTS/include" --include_path="C:/F28335/ZQ28335_LED_KEY/DSP2833x_common/include" --include_path="C:/F28335/ZQ28335_LED_KEY/DSP2833x_common/source" --include_path="C:/F28335/ZQ28335_LED_KEY/DSP2833x_headers/include" --include_path="C:/F28335/ZQ28335_LED_KEY/DSP2833x_headers/source" --diag_warning=225 --display_error_number --diag_wrap=off --preproc_with_compile --preproc_dependency="DSP2833x_common/source/DSP2833x_PieCtrl.d_raw" --obj_directory="DSP2833x_common/source"  "../DSP2833x_common/source/DSP2833x_PieCtrl.c"
Finished building: "../DSP2833x_common/source/DSP2833x_PieCtrl.c"
 
Building file: "../DSP2833x_common/source/DSP2833x_PieVect.c"
Invoking: C2000 Compiler
"C:/ti/ccs900/ccs/tools/compiler/ti-cgt-c2000_18.12.1.LTS/bin/cl2000" -v28 -ml -mt --float_support=fpu32 -g --include_path="C:/ti/ccs900/ccs/tools/compiler/ti-cgt-c2000_18.12.1.LTS/include" --include_path="C:/F28335/ZQ28335_LED_KEY/DSP2833x_common/include" --include_path="C:/F28335/ZQ28335_LED_KEY/DSP2833x_common/source" --include_path="C:/F28335/ZQ28335_LED_KEY/DSP2833x_headers/include" --include_path="C:/F28335/ZQ28335_LED_KEY/DSP2833x_headers/source" --diag_warning=225 --display_error_number --diag_wrap=off --preproc_with_compile --preproc_dependency="DSP2833x_common/source/DSP2833x_PieVect.d_raw" --obj_directory="DSP2833x_common/source"  "../DSP2833x_common/source/DSP2833x_PieVect.c"
Finished building: "../DSP2833x_common/source/DSP2833x_PieVect.c"
 
Building file: "../DSP2833x_common/source/DSP2833x_SysCtrl.c"
Invoking: C2000 Compiler
"C:/ti/ccs900/ccs/tools/compiler/ti-cgt-c2000_18.12.1.LTS/bin/cl2000" -v28 -ml -mt --float_support=fpu32 -g --include_path="C:/ti/ccs900/ccs/tools/compiler/ti-cgt-c2000_18.12.1.LTS/include" --include_path="C:/F28335/ZQ28335_LED_KEY/DSP2833x_common/include" --include_path="C:/F28335/ZQ28335_LED_KEY/DSP2833x_common/source" --include_path="C:/F28335/ZQ28335_LED_KEY/DSP2833x_headers/include" --include_path="C:/F28335/ZQ28335_LED_KEY/DSP2833x_headers/source" --diag_warning=225 --display_error_number --diag_wrap=off --preproc_with_compile --preproc_dependency="DSP2833x_common/source/DSP2833x_SysCtrl.d_raw" --obj_directory="DSP2833x_common/source"  "../DSP2833x_common/source/DSP2833x_SysCtrl.c"
Finished building: "../DSP2833x_common/source/DSP2833x_SysCtrl.c"
 
Building file: "../DSP2833x_common/source/DSP2833x_usDelay.asm"
Invoking: C2000 Compiler
"C:/ti/ccs900/ccs/tools/compiler/ti-cgt-c2000_18.12.1.LTS/bin/cl2000" -v28 -ml -mt --float_support=fpu32 -g --include_path="C:/ti/ccs900/ccs/tools/compiler/ti-cgt-c2000_18.12.1.LTS/include" --include_path="C:/F28335/ZQ28335_LED_KEY/DSP2833x_common/include" --include_path="C:/F28335/ZQ28335_LED_KEY/DSP2833x_common/source" --include_path="C:/F28335/ZQ28335_LED_KEY/DSP2833x_headers/include" --include_path="C:/F28335/ZQ28335_LED_KEY/DSP2833x_headers/source" --diag_warning=225 --display_error_number --diag_wrap=off --preproc_with_compile --preproc_dependency="DSP2833x_common/source/DSP2833x_usDelay.d_raw" --obj_directory="DSP2833x_common/source"  "../DSP2833x_common/source/DSP2833x_usDelay.asm"
Finished building: "../DSP2833x_common/source/DSP2833x_usDelay.asm"
 
Building file: "../DSP2833x_headers/source/DSP2833x_GlobalVariableDefs.c"
Invoking: C2000 Compiler
"C:/ti/ccs900/ccs/tools/compiler/ti-cgt-c2000_18.12.1.LTS/bin/cl2000" -v28 -ml -mt --float_support=fpu32 -g --include_path="C:/ti/ccs900/ccs/tools/compiler/ti-cgt-c2000_18.12.1.LTS/include" --include_path="C:/F28335/ZQ28335_LED_KEY/DSP2833x_common/include" --include_path="C:/F28335/ZQ28335_LED_KEY/DSP2833x_common/source" --include_path="C:/F28335/ZQ28335_LED_KEY/DSP2833x_headers/include" --include_path="C:/F28335/ZQ28335_LED_KEY/DSP2833x_headers/source" --diag_warning=225 --display_error_number --diag_wrap=off --preproc_with_compile --preproc_dependency="DSP2833x_headers/source/DSP2833x_GlobalVariableDefs.d_raw" --obj_directory="DSP2833x_headers/source"  "../DSP2833x_headers/source/DSP2833x_GlobalVariableDefs.c"
Finished building: "../DSP2833x_headers/source/DSP2833x_GlobalVariableDefs.c"
 
Building target: "ZQ28335_LED_KEY.out"
Invoking: C2000 Linker
"C:/ti/ccs900/ccs/tools/compiler/ti-cgt-c2000_18.12.1.LTS/bin/cl2000" -v28 -ml -mt --float_support=fpu32 -g --diag_warning=225 --display_error_number --diag_wrap=off -z --stack_size=0x300 -m"ZQ28335_LED_KEY.map" --warn_sections -i"C:/ti/ccs900/ccs/tools/compiler/ti-cgt-c2000_18.12.1.LTS/lib" -i"C:/ti/ccs900/ccs/tools/compiler/ti-cgt-c2000_18.12.1.LTS/include" --reread_libs --display_error_number --diag_wrap=off --xml_link_info="ZQ28335_LED_KEY_linkInfo.xml" --rom_model -o "ZQ28335_LED_KEY.out" "./KEY.obj" "./LCD12864.obj" "./LED.obj" "./main_3x3_KEY.obj" "./DSP2833x_common/source/DSP2833x_ADC_cal.obj" "./DSP2833x_common/source/DSP2833x_CSMPasswords.obj" "./DSP2833x_common/source/DSP2833x_CpuTimers.obj" "./DSP2833x_common/source/DSP2833x_DefaultIsr.obj" "./DSP2833x_common/source/DSP2833x_MemCopy.obj" "./DSP2833x_common/source/DSP2833x_PieCtrl.obj" "./DSP2833x_common/source/DSP2833x_PieVect.obj" "./DSP2833x_common/source/DSP2833x_SysCtrl.obj" "./DSP2833x_common/source/DSP2833x_usDelay.obj" "./DSP2833x_headers/source/DSP2833x_GlobalVariableDefs.obj" "../F28335.cmd" "../DSP2833x_common/lib/IQmath.lib" "../DSP2833x_common/lib/IQmath_fpu32.lib" "../DSP2833x_common/lib/SFO_TI_Build.lib" "../DSP2833x_common/lib/SFO_TI_Build_V5.lib" "../DSP2833x_common/lib/SFO_TI_Build_V5B.lib" "../DSP2833x_common/lib/SFO_TI_Build_V5B_fpu.lib" "../DSP2833x_common/lib/SFO_TI_Build_V5_fpu.lib" "../DSP2833x_common/lib/SFO_TI_Build_fpu.lib" "../DSP2833x_common/lib/rts2800_fpu32.lib" "../DSP2833x_headers/cmd/DSP2833x_Headers_nonBIOS.cmd"  -llibc.a 
<Linking>
Finished building target: "ZQ28335_LED_KEY.out"
 

**** Build Finished ****
